This file contains any messages produced by compilers while
running configure, to aid debugging if configure makes a mistake.

It was created by configure, which was
generated by GNU Autoconf 2.71.  Invocation command line was

  $ ./configure

## --------- ##
## Platform. ##
## --------- ##

hostname = blinky-Laptop
uname -m = x86_64
uname -r = 5.15.0-134-generic
uname -s = Linux
uname -v = #145~20.04.1-Ubuntu SMP Mon Feb 17 13:27:16 UTC 2025

/usr/bin/uname -p = x86_64
/bin/uname -X     = unknown

/bin/arch              = x86_64
/usr/bin/arch -k       = unknown
/usr/convex/getsysinfo = unknown
/usr/bin/hostinfo      = unknown
/bin/machine           = unknown
/usr/bin/oslevel       = unknown
/bin/universe          = unknown

PATH: /home/blinky/roboworkspace/src/PLANNING/teleor/qp10.10/bin/
PATH: /opt/ros/noetic/bin/
PATH: /usr/local/cuda-11.8/bin/
PATH: /usr/local/cuda-11.8/bin/
PATH: /home/blinky/.nvm/versions/node/v20.9.0/bin/
PATH: /usr/local/cuda-11.8/bin/
PATH: /home/blinky/.local/bin/
PATH: /usr/local/sbin/
PATH: /usr/local/bin/
PATH: /usr/sbin/
PATH: /usr/bin/
PATH: /sbin/
PATH: /bin/
PATH: /usr/games/
PATH: /usr/local/games/
PATH: /snap/bin/
PATH: /home/blinky/.local/bin/
PATH: /home/blinky/.local/bin/
PATH: /home/blinky/.local/bin/


## ----------- ##
## Core tests. ##
## ----------- ##

configure:2639: looking for aux files: install-sh config.guess config.sub
configure:2652:  trying ./
configure:2663:   ./install-sh found
configure:2681:   ./config.guess found
configure:2681:   ./config.sub found
configure:2863: checking build system type
configure:2878: result: x86_64-pc-linux-gnu
configure:2898: checking host system type
configure:2912: result: x86_64-pc-linux-gnu
configure:3028: checking for gcc
configure:3049: found /usr/bin/gcc
configure:3060: result: gcc
configure:3413: checking for C compiler version
configure:3422: gcc --version >&5
gcc (Ubuntu 9.4.0-1ubuntu1~20.04.2) 9.4.0
Copyright (C) 2019 Free Software Foundation, Inc.
This is free software; see the source for copying conditions.  There is NO
warranty; not even for MERCHANTABILITY or FITNESS FOR A PARTICULAR PURPOSE.

configure:3433: $? = 0
configure:3422: gcc -v >&5
Using built-in specs.
COLLECT_GCC=gcc
COLLECT_LTO_WRAPPER=/usr/lib/gcc/x86_64-linux-gnu/9/lto-wrapper
OFFLOAD_TARGET_NAMES=nvptx-none:hsa
OFFLOAD_TARGET_DEFAULT=1
Target: x86_64-linux-gnu
Configured with: ../src/configure -v --with-pkgversion='Ubuntu 9.4.0-1ubuntu1~20.04.2' --with-bugurl=file:///usr/share/doc/gcc-9/README.Bugs --enable-languages=c,ada,c++,go,brig,d,fortran,objc,obj-c++,gm2 --prefix=/usr --with-gcc-major-version-only --program-suffix=-9 --program-prefix=x86_64-linux-gnu- --enable-shared --enable-linker-build-id --libexecdir=/usr/lib --without-included-gettext --enable-threads=posix --libdir=/usr/lib --enable-nls --enable-clocale=gnu --enable-libstdcxx-debug --enable-libstdcxx-time=yes --with-default-libstdcxx-abi=new --enable-gnu-unique-object --disable-vtable-verify --enable-plugin --enable-default-pie --with-system-zlib --with-target-system-zlib=auto --enable-objc-gc=auto --enable-multiarch --disable-werror --with-arch-32=i686 --with-abi=m64 --with-multilib-list=m32,m64,mx32 --enable-multilib --with-tune=generic --enable-offload-targets=nvptx-none=/build/gcc-9-9QDOt0/gcc-9-9.4.0/debian/tmp-nvptx/usr,hsa --without-cuda-driver --enable-checking=release --build=x86_64-linux-gnu --host=x86_64-linux-gnu --target=x86_64-linux-gnu
Thread model: posix
gcc version 9.4.0 (Ubuntu 9.4.0-1ubuntu1~20.04.2) 
configure:3433: $? = 0
configure:3422: gcc -V >&5
gcc: error: unrecognized command line option '-V'
gcc: fatal error: no input files
compilation terminated.
configure:3433: $? = 1
configure:3422: gcc -qversion >&5
gcc: error: unrecognized command line option '-qversion'; did you mean '--version'?
gcc: fatal error: no input files
compilation terminated.
configure:3433: $? = 1
configure:3422: gcc -version >&5
gcc: error: unrecognized command line option '-version'
gcc: fatal error: no input files
compilation terminated.
configure:3433: $? = 1
configure:3453: checking whether the C compiler works
configure:3475: gcc    conftest.c  >&5
configure:3479: $? = 0
configure:3529: result: yes
configure:3532: checking for C compiler default output file name
configure:3534: result: a.out
configure:3540: checking for suffix of executables
configure:3547: gcc -o conftest    conftest.c  >&5
configure:3551: $? = 0
configure:3574: result: 
configure:3596: checking whether we are cross compiling
configure:3604: gcc -o conftest    conftest.c  >&5
configure:3608: $? = 0
configure:3615: ./conftest
configure:3619: $? = 0
configure:3607: result: no
configure:3612: checking for suffix of object files
configure:3635: gcc -c   conftest.c >&5
configure:3639: $? = 0
configure:3661: result: o
configure:3665: checking whether the compiler supports GNU C
configure:3685: gcc -c   conftest.c >&5
configure:3685: $? = 0
configure:3695: result: yes
configure:3706: checking whether gcc accepts -g
configure:3727: gcc -c -g  conftest.c >&5
configure:3727: $? = 0
configure:3771: result: yes
configure:3791: checking for gcc option to enable C11 features
configure:3806: gcc  -c -g -O2  conftest.c >&5
configure:3806: $? = 0
configure:3824: result: none needed
configure:4003: checking for g++
configure:4024: found /usr/bin/g++
configure:4035: result: g++
configure:4062: checking for C++ compiler version
configure:4071: g++ --version >&5
g++ (Ubuntu 9.4.0-1ubuntu1~20.04.2) 9.4.0
Copyright (C) 2019 Free Software Foundation, Inc.
This is free software; see the source for copying conditions.  There is NO
warranty; not even for MERCHANTABILITY or FITNESS FOR A PARTICULAR PURPOSE.

configure:4082: $? = 0
configure:4071: g++ -v >&5
Using built-in specs.
COLLECT_GCC=g++
COLLECT_LTO_WRAPPER=/usr/lib/gcc/x86_64-linux-gnu/9/lto-wrapper
OFFLOAD_TARGET_NAMES=nvptx-none:hsa
OFFLOAD_TARGET_DEFAULT=1
Target: x86_64-linux-gnu
Configured with: ../src/configure -v --with-pkgversion='Ubuntu 9.4.0-1ubuntu1~20.04.2' --with-bugurl=file:///usr/share/doc/gcc-9/README.Bugs --enable-languages=c,ada,c++,go,brig,d,fortran,objc,obj-c++,gm2 --prefix=/usr --with-gcc-major-version-only --program-suffix=-9 --program-prefix=x86_64-linux-gnu- --enable-shared --enable-linker-build-id --libexecdir=/usr/lib --without-included-gettext --enable-threads=posix --libdir=/usr/lib --enable-nls --enable-clocale=gnu --enable-libstdcxx-debug --enable-libstdcxx-time=yes --with-default-libstdcxx-abi=new --enable-gnu-unique-object --disable-vtable-verify --enable-plugin --enable-default-pie --with-system-zlib --with-target-system-zlib=auto --enable-objc-gc=auto --enable-multiarch --disable-werror --with-arch-32=i686 --with-abi=m64 --with-multilib-list=m32,m64,mx32 --enable-multilib --with-tune=generic --enable-offload-targets=nvptx-none=/build/gcc-9-9QDOt0/gcc-9-9.4.0/debian/tmp-nvptx/usr,hsa --without-cuda-driver --enable-checking=release --build=x86_64-linux-gnu --host=x86_64-linux-gnu --target=x86_64-linux-gnu
Thread model: posix
gcc version 9.4.0 (Ubuntu 9.4.0-1ubuntu1~20.04.2) 
configure:4082: $? = 0
configure:4071: g++ -V >&5
g++: error: unrecognized command line option '-V'
g++: fatal error: no input files
compilation terminated.
configure:4082: $? = 1
configure:4071: g++ -qversion >&5
g++: error: unrecognized command line option '-qversion'; did you mean '--version'?
g++: fatal error: no input files
compilation terminated.
configure:4082: $? = 1
configure:4086: checking whether the compiler supports GNU C++
configure:4106: g++ -c   conftest.cpp >&5
configure:4106: $? = 0
configure:4116: result: yes
configure:4127: checking whether g++ accepts -g
configure:4148: g++ -c -g  conftest.cpp >&5
configure:4148: $? = 0
configure:4192: result: yes
configure:4212: checking for g++ option to enable C++11 features
configure:4227: g++  -c -g -O2  conftest.cpp >&5
configure:4227: $? = 0
configure:4245: result: none needed
configure:4324: checking for a BSD-compatible install
configure:4397: result: /usr/bin/install -c
configure:4413: checking for flex
configure:4448: result: no
configure:4413: checking for lex
configure:4448: result: no
configure:4687: checking whether ln -s works
configure:4691: result: yes
configure:4746: checking for ranlib
configure:4767: found /usr/bin/ranlib
configure:4778: result: ranlib
configure:4804: checking for bison
configure:4839: result: no
configure:4804: checking for byacc
configure:4839: result: no
configure:4851: checking for cmp
configure:4875: found /usr/bin/cmp
configure:4888: result: /usr/bin/cmp
configure:4899: checking for cpp
configure:4925: found /usr/bin/cpp
configure:4938: result: /usr/bin/cpp
configure:4956: checking whether cpp needs -traditional flag for QP chars
/usr/bin/cpp conftest.ql
conftest.ql:1:2: warning: missing terminating ' character
    1 | 0'x
      |  ^
# 1 "conftest.ql"
# 1 "<built-in>"
# 1 "<command-line>"
# 31 "<command-line>"
# 1 "/usr/include/stdc-predef.h" 1 3 4
# 32 "<command-line>" 2
# 1 "conftest.ql"
0'x
configure:4978: result: no
configure:4985: checking for perl
configure:5010: found /usr/bin/perl
configure:5023: result: /usr/bin/perl
configure:5063: checking for printf
configure:5088: found /usr/bin/printf
configure:5101: result: /usr/bin/printf
configure:5114: checking for dlopen in -ldl
configure:5136: g++ -o conftest -g -O2   conftest.cpp -ldl   >&5
configure:5136: $? = 0
configure:5146: result: yes
configure:5156: checking for main in -lnsl
configure:5178: g++ -o conftest -g -O2   conftest.cpp -lnsl  -ldl  >&5
configure:5178: $? = 0
configure:5188: result: yes
configure:5198: checking for main in -lposix4
configure:5220: g++ -o conftest -g -O2   conftest.cpp -lposix4  -lnsl -ldl  >&5
/usr/bin/ld: cannot find -lposix4
collect2: error: ld returned 1 exit status
configure:5220: $? = 1
configure: failed program was:
| /* confdefs.h */
| #define PACKAGE_NAME ""
| #define PACKAGE_TARNAME ""
| #define PACKAGE_VERSION ""
| #define PACKAGE_STRING ""
| #define PACKAGE_BUGREPORT ""
| #define PACKAGE_URL ""
| #define MULTIPLE_THREADS 1
| #define LINUX 1
| #define HAVE_LIBDL 1
| #define HAVE_LIBNSL 1
| /* end confdefs.h.  */
| 
| namespace conftest {
|   extern "C" int main ();
| }
| int
| main (void)
| {
| return conftest::main ();
|   ;
|   return 0;
| }
configure:5230: result: no
configure:5240: checking for socket in -lsocket
configure:5262: g++ -o conftest -g -O2   conftest.cpp -lsocket  -lnsl -ldl  >&5
/usr/bin/ld: cannot find -lsocket
collect2: error: ld returned 1 exit status
configure:5262: $? = 1
configure: failed program was:
| /* confdefs.h */
| #define PACKAGE_NAME ""
| #define PACKAGE_TARNAME ""
| #define PACKAGE_VERSION ""
| #define PACKAGE_STRING ""
| #define PACKAGE_BUGREPORT ""
| #define PACKAGE_URL ""
| #define MULTIPLE_THREADS 1
| #define LINUX 1
| #define HAVE_LIBDL 1
| #define HAVE_LIBNSL 1
| /* end confdefs.h.  */
| 
| namespace conftest {
|   extern "C" int socket ();
| }
| int
| main (void)
| {
| return conftest::socket ();
|   ;
|   return 0;
| }
configure:5272: result: no
configure:5290: checking for stdio.h
configure:5290: g++ -c -g -O2  conftest.cpp >&5
configure:5290: $? = 0
configure:5290: result: yes
configure:5290: checking for stdlib.h
configure:5290: g++ -c -g -O2  conftest.cpp >&5
configure:5290: $? = 0
configure:5290: result: yes
configure:5290: checking for string.h
configure:5290: g++ -c -g -O2  conftest.cpp >&5
configure:5290: $? = 0
configure:5290: result: yes
configure:5290: checking for inttypes.h
configure:5290: g++ -c -g -O2  conftest.cpp >&5
configure:5290: $? = 0
configure:5290: result: yes
configure:5290: checking for stdint.h
configure:5290: g++ -c -g -O2  conftest.cpp >&5
configure:5290: $? = 0
configure:5290: result: yes
configure:5290: checking for strings.h
configure:5290: g++ -c -g -O2  conftest.cpp >&5
configure:5290: $? = 0
configure:5290: result: yes
configure:5290: checking for sys/stat.h
configure:5290: g++ -c -g -O2  conftest.cpp >&5
configure:5290: $? = 0
configure:5290: result: yes
configure:5290: checking for sys/types.h
configure:5290: g++ -c -g -O2  conftest.cpp >&5
configure:5290: $? = 0
configure:5290: result: yes
configure:5290: checking for unistd.h
configure:5290: g++ -c -g -O2  conftest.cpp >&5
configure:5290: $? = 0
configure:5290: result: yes
configure:5315: checking for grep that handles long lines and -e
configure:5379: result: /usr/bin/grep
configure:5384: checking for egrep
configure:5452: result: /usr/bin/grep -E
configure:5458: checking for arpa/inet.h
configure:5458: g++ -c -g -O2  conftest.cpp >&5
configure:5458: $? = 0
configure:5458: result: yes
configure:5464: checking for fcntl.h
configure:5464: g++ -c -g -O2  conftest.cpp >&5
configure:5464: $? = 0
configure:5464: result: yes
configure:5470: checking for limits.h
configure:5470: g++ -c -g -O2  conftest.cpp >&5
configure:5470: $? = 0
configure:5470: result: yes
configure:5476: checking for malloc.h
configure:5476: g++ -c -g -O2  conftest.cpp >&5
configure:5476: $? = 0
configure:5476: result: yes
configure:5482: checking for netinet/in.h
configure:5482: g++ -c -g -O2  conftest.cpp >&5
configure:5482: $? = 0
configure:5482: result: yes
configure:5488: checking for sys/file.h
configure:5488: g++ -c -g -O2  conftest.cpp >&5
configure:5488: $? = 0
configure:5488: result: yes
configure:5494: checking for sys/ioctl.h
configure:5494: g++ -c -g -O2  conftest.cpp >&5
configure:5494: $? = 0
configure:5494: result: yes
configure:5500: checking for sys/time.h
configure:5500: g++ -c -g -O2  conftest.cpp >&5
configure:5500: $? = 0
configure:5500: result: yes
configure:5506: checking for sys/filio.h
configure:5506: g++ -c -g -O2  conftest.cpp >&5
conftest.cpp:59:10: fatal error: sys/filio.h: No such file or directory
   59 | #include <sys/filio.h>
      |          ^~~~~~~~~~~~~
compilation terminated.
configure:5506: $? = 1
configure: failed program was:
| /* confdefs.h */
| #define PACKAGE_NAME ""
| #define PACKAGE_TARNAME ""
| #define PACKAGE_VERSION ""
| #define PACKAGE_STRING ""
| #define PACKAGE_BUGREPORT ""
| #define PACKAGE_URL ""
| #define MULTIPLE_THREADS 1
| #define LINUX 1
| #define HAVE_LIBDL 1
| #define HAVE_LIBNSL 1
| #define HAVE_STDIO_H 1
| #define HAVE_STDLIB_H 1
| #define HAVE_STRING_H 1
| #define HAVE_INTTYPES_H 1
| #define HAVE_STDINT_H 1
| #define HAVE_STRINGS_H 1
| #define HAVE_SYS_STAT_H 1
| #define HAVE_SYS_TYPES_H 1
| #define HAVE_UNISTD_H 1
| #define STDC_HEADERS 1
| #define HAVE_ARPA_INET_H 1
| #define HAVE_FCNTL_H 1
| #define HAVE_LIMITS_H 1
| #define HAVE_MALLOC_H 1
| #define HAVE_NETINET_IN_H 1
| #define HAVE_SYS_FILE_H 1
| #define HAVE_SYS_IOCTL_H 1
| #define HAVE_SYS_TIME_H 1
| /* end confdefs.h.  */
| #include <stddef.h>
| #ifdef HAVE_STDIO_H
| # include <stdio.h>
| #endif
| #ifdef HAVE_STDLIB_H
| # include <stdlib.h>
| #endif
| #ifdef HAVE_STRING_H
| # include <string.h>
| #endif
| #ifdef HAVE_INTTYPES_H
| # include <inttypes.h>
| #endif
| #ifdef HAVE_STDINT_H
| # include <stdint.h>
| #endif
| #ifdef HAVE_STRINGS_H
| # include <strings.h>
| #endif
| #ifdef HAVE_SYS_TYPES_H
| # include <sys/types.h>
| #endif
| #ifdef HAVE_SYS_STAT_H
| # include <sys/stat.h>
| #endif
| #ifdef HAVE_UNISTD_H
| # include <unistd.h>
| #endif
| #include <sys/filio.h>
configure:5506: result: no
configure:5512: checking for sys/sockio.h
configure:5512: g++ -c -g -O2  conftest.cpp >&5
conftest.cpp:59:10: fatal error: sys/sockio.h: No such file or directory
   59 | #include <sys/sockio.h>
      |          ^~~~~~~~~~~~~~
compilation terminated.
configure:5512: $? = 1
configure: failed program was:
| /* confdefs.h */
| #define PACKAGE_NAME ""
| #define PACKAGE_TARNAME ""
| #define PACKAGE_VERSION ""
| #define PACKAGE_STRING ""
| #define PACKAGE_BUGREPORT ""
| #define PACKAGE_URL ""
| #define MULTIPLE_THREADS 1
| #define LINUX 1
| #define HAVE_LIBDL 1
| #define HAVE_LIBNSL 1
| #define HAVE_STDIO_H 1
| #define HAVE_STDLIB_H 1
| #define HAVE_STRING_H 1
| #define HAVE_INTTYPES_H 1
| #define HAVE_STDINT_H 1
| #define HAVE_STRINGS_H 1
| #define HAVE_SYS_STAT_H 1
| #define HAVE_SYS_TYPES_H 1
| #define HAVE_UNISTD_H 1
| #define STDC_HEADERS 1
| #define HAVE_ARPA_INET_H 1
| #define HAVE_FCNTL_H 1
| #define HAVE_LIMITS_H 1
| #define HAVE_MALLOC_H 1
| #define HAVE_NETINET_IN_H 1
| #define HAVE_SYS_FILE_H 1
| #define HAVE_SYS_IOCTL_H 1
| #define HAVE_SYS_TIME_H 1
| /* end confdefs.h.  */
| #include <stddef.h>
| #ifdef HAVE_STDIO_H
| # include <stdio.h>
| #endif
| #ifdef HAVE_STDLIB_H
| # include <stdlib.h>
| #endif
| #ifdef HAVE_STRING_H
| # include <string.h>
| #endif
| #ifdef HAVE_INTTYPES_H
| # include <inttypes.h>
| #endif
| #ifdef HAVE_STDINT_H
| # include <stdint.h>
| #endif
| #ifdef HAVE_STRINGS_H
| # include <strings.h>
| #endif
| #ifdef HAVE_SYS_TYPES_H
| # include <sys/types.h>
| #endif
| #ifdef HAVE_SYS_STAT_H
| # include <sys/stat.h>
| #endif
| #ifdef HAVE_UNISTD_H
| # include <unistd.h>
| #endif
| #include <sys/sockio.h>
configure:5512: result: no
configure:5518: checking for unistd.h
configure:5518: result: yes
configure:5529: checking for mode_t
configure:5529: g++ -c -g -O2  conftest.cpp >&5
configure:5529: $? = 0
configure:5529: g++ -c -g -O2  conftest.cpp >&5
conftest.cpp: In function 'int main()':
conftest.cpp:63:20: error: expected primary-expression before ')' token
   63 | if (sizeof ((mode_t)))
      |                    ^
configure:5529: $? = 1
configure: failed program was:
| /* confdefs.h */
| #define PACKAGE_NAME ""
| #define PACKAGE_TARNAME ""
| #define PACKAGE_VERSION ""
| #define PACKAGE_STRING ""
| #define PACKAGE_BUGREPORT ""
| #define PACKAGE_URL ""
| #define MULTIPLE_THREADS 1
| #define LINUX 1
| #define HAVE_LIBDL 1
| #define HAVE_LIBNSL 1
| #define HAVE_STDIO_H 1
| #define HAVE_STDLIB_H 1
| #define HAVE_STRING_H 1
| #define HAVE_INTTYPES_H 1
| #define HAVE_STDINT_H 1
| #define HAVE_STRINGS_H 1
| #define HAVE_SYS_STAT_H 1
| #define HAVE_SYS_TYPES_H 1
| #define HAVE_UNISTD_H 1
| #define STDC_HEADERS 1
| #define HAVE_ARPA_INET_H 1
| #define HAVE_FCNTL_H 1
| #define HAVE_LIMITS_H 1
| #define HAVE_MALLOC_H 1
| #define HAVE_NETINET_IN_H 1
| #define HAVE_SYS_FILE_H 1
| #define HAVE_SYS_IOCTL_H 1
| #define HAVE_SYS_TIME_H 1
| #define HAVE_UNISTD_H 1
| /* end confdefs.h.  */
| #include <stddef.h>
| #ifdef HAVE_STDIO_H
| # include <stdio.h>
| #endif
| #ifdef HAVE_STDLIB_H
| # include <stdlib.h>
| #endif
| #ifdef HAVE_STRING_H
| # include <string.h>
| #endif
| #ifdef HAVE_INTTYPES_H
| # include <inttypes.h>
| #endif
| #ifdef HAVE_STDINT_H
| # include <stdint.h>
| #endif
| #ifdef HAVE_STRINGS_H
| # include <strings.h>
| #endif
| #ifdef HAVE_SYS_TYPES_H
| # include <sys/types.h>
| #endif
| #ifdef HAVE_SYS_STAT_H
| # include <sys/stat.h>
| #endif
| #ifdef HAVE_UNISTD_H
| # include <unistd.h>
| #endif
| int
| main (void)
| {
| if (sizeof ((mode_t)))
| 	    return 0;
|   ;
|   return 0;
| }
configure:5529: result: yes
configure:5540: checking for pid_t
configure:5540: g++ -c -g -O2  conftest.cpp >&5
configure:5540: $? = 0
configure:5540: g++ -c -g -O2  conftest.cpp >&5
conftest.cpp: In function 'int main()':
conftest.cpp:64:19: error: expected primary-expression before ')' token
   64 | if (sizeof ((pid_t)))
      |                   ^
configure:5540: $? = 1
configure: failed program was:
| /* confdefs.h */
| #define PACKAGE_NAME ""
| #define PACKAGE_TARNAME ""
| #define PACKAGE_VERSION ""
| #define PACKAGE_STRING ""
| #define PACKAGE_BUGREPORT ""
| #define PACKAGE_URL ""
| #define MULTIPLE_THREADS 1
| #define LINUX 1
| #define HAVE_LIBDL 1
| #define HAVE_LIBNSL 1
| #define HAVE_STDIO_H 1
| #define HAVE_STDLIB_H 1
| #define HAVE_STRING_H 1
| #define HAVE_INTTYPES_H 1
| #define HAVE_STDINT_H 1
| #define HAVE_STRINGS_H 1
| #define HAVE_SYS_STAT_H 1
| #define HAVE_SYS_TYPES_H 1
| #define HAVE_UNISTD_H 1
| #define STDC_HEADERS 1
| #define HAVE_ARPA_INET_H 1
| #define HAVE_FCNTL_H 1
| #define HAVE_LIMITS_H 1
| #define HAVE_MALLOC_H 1
| #define HAVE_NETINET_IN_H 1
| #define HAVE_SYS_FILE_H 1
| #define HAVE_SYS_IOCTL_H 1
| #define HAVE_SYS_TIME_H 1
| #define HAVE_UNISTD_H 1
| /* end confdefs.h.  */
| #include <stddef.h>
| #ifdef HAVE_STDIO_H
| # include <stdio.h>
| #endif
| #ifdef HAVE_STDLIB_H
| # include <stdlib.h>
| #endif
| #ifdef HAVE_STRING_H
| # include <string.h>
| #endif
| #ifdef HAVE_INTTYPES_H
| # include <inttypes.h>
| #endif
| #ifdef HAVE_STDINT_H
| # include <stdint.h>
| #endif
| #ifdef HAVE_STRINGS_H
| # include <strings.h>
| #endif
| #ifdef HAVE_SYS_TYPES_H
| # include <sys/types.h>
| #endif
| #ifdef HAVE_SYS_STAT_H
| # include <sys/stat.h>
| #endif
| #ifdef HAVE_UNISTD_H
| # include <unistd.h>
| #endif
| 
| int
| main (void)
| {
| if (sizeof ((pid_t)))
| 	    return 0;
|   ;
|   return 0;
| }
configure:5540: result: yes
configure:5576: checking for size_t
configure:5576: g++ -c -g -O2  conftest.cpp >&5
configure:5576: $? = 0
configure:5576: g++ -c -g -O2  conftest.cpp >&5
conftest.cpp: In function 'int main()':
conftest.cpp:63:20: error: expected primary-expression before ')' token
   63 | if (sizeof ((size_t)))
      |                    ^
configure:5576: $? = 1
configure: failed program was:
| /* confdefs.h */
| #define PACKAGE_NAME ""
| #define PACKAGE_TARNAME ""
| #define PACKAGE_VERSION ""
| #define PACKAGE_STRING ""
| #define PACKAGE_BUGREPORT ""
| #define PACKAGE_URL ""
| #define MULTIPLE_THREADS 1
| #define LINUX 1
| #define HAVE_LIBDL 1
| #define HAVE_LIBNSL 1
| #define HAVE_STDIO_H 1
| #define HAVE_STDLIB_H 1
| #define HAVE_STRING_H 1
| #define HAVE_INTTYPES_H 1
| #define HAVE_STDINT_H 1
| #define HAVE_STRINGS_H 1
| #define HAVE_SYS_STAT_H 1
| #define HAVE_SYS_TYPES_H 1
| #define HAVE_UNISTD_H 1
| #define STDC_HEADERS 1
| #define HAVE_ARPA_INET_H 1
| #define HAVE_FCNTL_H 1
| #define HAVE_LIMITS_H 1
| #define HAVE_MALLOC_H 1
| #define HAVE_NETINET_IN_H 1
| #define HAVE_SYS_FILE_H 1
| #define HAVE_SYS_IOCTL_H 1
| #define HAVE_SYS_TIME_H 1
| #define HAVE_UNISTD_H 1
| /* end confdefs.h.  */
| #include <stddef.h>
| #ifdef HAVE_STDIO_H
| # include <stdio.h>
| #endif
| #ifdef HAVE_STDLIB_H
| # include <stdlib.h>
| #endif
| #ifdef HAVE_STRING_H
| # include <string.h>
| #endif
| #ifdef HAVE_INTTYPES_H
| # include <inttypes.h>
| #endif
| #ifdef HAVE_STDINT_H
| # include <stdint.h>
| #endif
| #ifdef HAVE_STRINGS_H
| # include <strings.h>
| #endif
| #ifdef HAVE_SYS_TYPES_H
| # include <sys/types.h>
| #endif
| #ifdef HAVE_SYS_STAT_H
| # include <sys/stat.h>
| #endif
| #ifdef HAVE_UNISTD_H
| # include <unistd.h>
| #endif
| int
| main (void)
| {
| if (sizeof ((size_t)))
| 	    return 0;
|   ;
|   return 0;
| }
configure:5576: result: yes
configure:5592: checking for working alloca.h
configure:5610: g++ -o conftest -g -O2   conftest.cpp -lnsl -ldl  >&5
configure:5610: $? = 0
configure:5619: result: yes
configure:5627: checking for alloca
configure:5672: result: yes
configure:5739: checking for working memcmp
configure:5784: g++ -o conftest -g -O2   conftest.cpp -lnsl -ldl  >&5
configure:5784: $? = 0
configure:5784: ./conftest
configure:5784: $? = 0
configure:5795: result: yes
configure:5805: checking for gethostname
configure:5805: g++ -o conftest -g -O2   conftest.cpp -lnsl -ldl  >&5
configure:5805: $? = 0
configure:5805: result: yes
configure:5811: checking for gethostbyname
configure:5811: g++ -o conftest -g -O2   conftest.cpp -lnsl -ldl  >&5
configure:5811: $? = 0
configure:5811: result: yes
configure:5817: checking for poll
configure:5817: g++ -o conftest -g -O2   conftest.cpp -lnsl -ldl  >&5
configure:5817: $? = 0
configure:5817: result: yes
configure:5823: checking for putenv
configure:5823: g++ -o conftest -g -O2   conftest.cpp -lnsl -ldl  >&5
configure:5823: $? = 0
configure:5823: result: yes
configure:5829: checking for select
configure:5829: g++ -o conftest -g -O2   conftest.cpp -lnsl -ldl  >&5
configure:5829: $? = 0
configure:5829: result: yes
configure:5835: checking for sigwait
configure:5835: g++ -o conftest -g -O2   conftest.cpp -lnsl -ldl  >&5
configure:5835: $? = 0
configure:5835: result: yes
configure:5841: checking for sigtimedwait
configure:5841: g++ -o conftest -g -O2   conftest.cpp -lnsl -ldl  >&5
configure:5841: $? = 0
configure:5841: result: yes
configure:5847: checking for socket
configure:5847: g++ -o conftest -g -O2   conftest.cpp -lnsl -ldl  >&5
configure:5847: $? = 0
configure:5847: result: yes
configure:5853: checking for strerror
configure:5853: g++ -o conftest -g -O2   conftest.cpp -lnsl -ldl  >&5
configure:5853: $? = 0
configure:5853: result: yes
configure:5859: checking for strstr
configure:5859: g++ -o conftest -g -O2   conftest.cpp -lnsl -ldl  >&5
conftest.cpp:60:6: warning: declaration of 'char strstr()' conflicts with built-in declaration 'char* strstr(const char*, const char*)' [-Wbuiltin-declaration-mismatch]
   60 | char strstr ();
      |      ^~~~~~
configure:5859: $? = 0
configure:5859: result: yes
configure:5865: checking for uname
configure:5865: g++ -o conftest -g -O2   conftest.cpp -lnsl -ldl  >&5
configure:5865: $? = 0
configure:5865: result: yes
configure:5889: checking for -fno-strict-aliasing
configure:5899: result: found
configure:5906: checking for an integer type with at least 16 bits
configure:5950: g++ -o conftest -g -O2   conftest.cpp -lnsl -ldl  >&5
configure:5950: $? = 0
configure:5950: ./conftest
configure:5950: $? = 0
configure:6001: result: short
configure:6008: checking for an integer type with at least 32 bits
configure:6052: g++ -o conftest -g -O2   conftest.cpp -lnsl -ldl  >&5
configure:6052: $? = 0
configure:6052: ./conftest
configure:6052: $? = 0
configure:6103: result: int
configure:6110: checking the number of bytes per word
configure:6136: g++ -o conftest -g -O2   conftest.cpp -lnsl -ldl  >&5
conftest.cpp: In function 'int main()':
conftest.cpp:57:17: warning: format '%d' expects argument of type 'int', but argument 3 has type 'long unsigned int' [-Wformat=]
   57 |   fprintf(fp, "%d\n", sizeof(void *));
      |                ~^     ~~~~~~~~~~~~~~
      |                 |     |
      |                 int   long unsigned int
      |                %ld
configure:6136: $? = 0
configure:6136: ./conftest
configure:6136: $? = 0
configure:6149: result: 8
configure:6156: checking the number of bits per word
configure:6183: g++ -o conftest -g -O2   conftest.cpp -lnsl -ldl  >&5
conftest.cpp: In function 'int main()':
conftest.cpp:59:17: warning: format '%d' expects argument of type 'int', but argument 3 has type 'long unsigned int' [-Wformat=]
   59 |   fprintf(fp, "%d\n", CHAR_BIT * sizeof(void *));
      |                ~^
      |                 |
      |                 int
      |                %ld
configure:6183: $? = 0
configure:6183: ./conftest
configure:6183: $? = 0
configure:6196: result: 64
configure:6204: checking whether we can use gcc labels
configure:6247: g++ -o conftest -g -O2   conftest.cpp -lnsl -ldl  >&5
conftest.cpp:55:6: error: ISO C++ forbids declaration of 'foo' with no type [-fpermissive]
   55 |  foo() {
      |      ^
conftest.cpp: In function 'int foo()':
conftest.cpp:57:3: error: return-statement with no value, in function returning 'int' [-fpermissive]
   57 |   return;
      |   ^~~~~~
conftest.cpp:59:21: error: 'exit' was not declared in this scope
   59 |   if (global != 42) exit(1);
      |                     ^~~~
conftest.cpp: At global scope:
conftest.cpp:62:6: error: ISO C++ forbids declaration of 'bar' with no type [-fpermissive]
   62 |  bar() {
      |      ^
conftest.cpp: In function 'int bar()':
conftest.cpp:64:3: error: return-statement with no value, in function returning 'int' [-fpermissive]
   64 |   return;
      |   ^~~~~~
conftest.cpp:66:21: error: 'exit' was not declared in this scope
   66 |   if (global != 42) exit(1);
      |                     ^~~~
conftest.cpp: At global scope:
conftest.cpp:69:7: warning: ISO C++ forbids declaration of 'main' with no type [-Wreturn-type]
   69 |  main() {
      |       ^
conftest.cpp: In function 'int main()':
conftest.cpp:75:3: error: 'exit' was not declared in this scope
   75 |   exit(1);
      |   ^~~~
configure:6247: $? = 1
configure: program exited with status 1
configure: failed program was:
| /* confdefs.h */
| #define PACKAGE_NAME ""
| #define PACKAGE_TARNAME ""
| #define PACKAGE_VERSION ""
| #define PACKAGE_STRING ""
| #define PACKAGE_BUGREPORT ""
| #define PACKAGE_URL ""
| #define MULTIPLE_THREADS 1
| #define LINUX 1
| #define HAVE_LIBDL 1
| #define HAVE_LIBNSL 1
| #define HAVE_STDIO_H 1
| #define HAVE_STDLIB_H 1
| #define HAVE_STRING_H 1
| #define HAVE_INTTYPES_H 1
| #define HAVE_STDINT_H 1
| #define HAVE_STRINGS_H 1
| #define HAVE_SYS_STAT_H 1
| #define HAVE_SYS_TYPES_H 1
| #define HAVE_UNISTD_H 1
| #define STDC_HEADERS 1
| #define HAVE_ARPA_INET_H 1
| #define HAVE_FCNTL_H 1
| #define HAVE_LIMITS_H 1
| #define HAVE_MALLOC_H 1
| #define HAVE_NETINET_IN_H 1
| #define HAVE_SYS_FILE_H 1
| #define HAVE_SYS_IOCTL_H 1
| #define HAVE_SYS_TIME_H 1
| #define HAVE_UNISTD_H 1
| #define HAVE_SYS_TIME_H 1
| #define HAVE_ALLOCA_H 1
| #define HAVE_ALLOCA 1
| #define HAVE_GETHOSTNAME 1
| #define HAVE_GETHOSTBYNAME 1
| #define HAVE_POLL 1
| #define HAVE_PUTENV 1
| #define HAVE_SELECT 1
| #define HAVE_SIGWAIT 1
| #define HAVE_SIGTIMEDWAIT 1
| #define HAVE_SOCKET 1
| #define HAVE_STRERROR 1
| #define HAVE_STRSTR 1
| #define HAVE_UNAME 1
| #define SHORT_TYPE short
| #define INT_TYPE int
| #define BYTES_PER_WORD 8
| #define BITS_PER_WORD 64
| /* end confdefs.h.  */
| 
| 	void *entry_foo_1;
| 	void *entry_bar_1;
| 	void *succip;
| 	int global;
| 	foo() {
| 		entry_foo_1 = && foo_1;
| 		return;
| 	foo_1:
| 		if (global != 42) exit(1);
| 		goto *entry_bar_1;
| 	}
| 	bar() {
| 		entry_bar_1 = && bar_1;
| 		return;
| 	bar_1:
| 		if (global != 42) exit(1);
| 		goto *succip;
| 	}
| 	main() {
| 		global = 42;
| 		foo();
| 		bar();
| 		succip = &&last;
| 		goto *entry_foo_1;
| 		exit(1);
| 	last:
| 		if (global != 42) exit(1);
| 		exit(0);
| 	}
configure:6260: result: no
configure:6266: checking whether pkg-config finds the PCRE2 library
configure:6385: creating ./config.status

## ---------------------- ##
## Running config.status. ##
## ---------------------- ##

This file was extended by config.status, which was
generated by GNU Autoconf 2.71.  Invocation command line was

  CONFIG_FILES    = 
  CONFIG_HEADERS  = 
  CONFIG_LINKS    = 
  CONFIG_COMMANDS = 
  $ ./config.status 

on blinky-Laptop

config.status:881: creating LOGIN_CMDS
config.status:881: creating Makefile
config.status:881: creating PROFILE_CMDS
config.status:881: creating bin/Makefile
config.status:881: creating bin/kq
config.status:881: creating bin/qc
config.status:881: creating bin/qcc
config.status:881: creating bin/qppp
config.status:881: creating prolog/Makefile
config.status:881: creating prolog/compiler/Makefile
config.status:881: creating prolog/library/Makefile
config.status:881: creating prolog/qc1/Makefile
config.status:881: creating prolog/qecat/Makefile
config.status:881: creating prolog/qg/Makefile
config.status:881: creating prolog/qp/Makefile
config.status:881: creating src/Makefile
config.status:881: creating src/Makefile.heap
config.status:881: creating src/Makefile.ipc
config.status:881: creating src/Makefile.library
config.status:881: creating src/Makefile.psi
config.status:881: creating src/Makefile.qa
config.status:881: creating src/Makefile.qdeal
config.status:881: creating src/Makefile.qem
config.status:881: creating src/Makefile.ql
config.status:881: creating src/Makefile.qod
config.status:881: creating src/Makefile.thread
config.status:881: creating config.h
config.status:1056: config.h is unchanged

## ---------------- ##
## Cache variables. ##
## ---------------- ##

ac_cv_build=x86_64-pc-linux-gnu
ac_cv_c_compiler_gnu=yes
ac_cv_cxx_compiler_gnu=yes
ac_cv_env_CCC_set=
ac_cv_env_CCC_value=
ac_cv_env_CC_set=
ac_cv_env_CC_value=
ac_cv_env_CFLAGS_set=
ac_cv_env_CFLAGS_value=
ac_cv_env_CPPFLAGS_set=
ac_cv_env_CPPFLAGS_value=
ac_cv_env_CXXFLAGS_set=
ac_cv_env_CXXFLAGS_value=
ac_cv_env_CXX_set=
ac_cv_env_CXX_value=
ac_cv_env_LDFLAGS_set=
ac_cv_env_LDFLAGS_value=
ac_cv_env_LIBS_set=
ac_cv_env_LIBS_value=
ac_cv_env_YACC_set=
ac_cv_env_YACC_value=
ac_cv_env_YFLAGS_set=
ac_cv_env_YFLAGS_value=
ac_cv_env_build_alias_set=
ac_cv_env_build_alias_value=
ac_cv_env_host_alias_set=
ac_cv_env_host_alias_value=
ac_cv_env_target_alias_set=
ac_cv_env_target_alias_value=
ac_cv_func_alloca_works=yes
ac_cv_func_gethostbyname=yes
ac_cv_func_gethostname=yes
ac_cv_func_memcmp_working=yes
ac_cv_func_poll=yes
ac_cv_func_putenv=yes
ac_cv_func_select=yes
ac_cv_func_sigtimedwait=yes
ac_cv_func_sigwait=yes
ac_cv_func_socket=yes
ac_cv_func_strerror=yes
ac_cv_func_strstr=yes
ac_cv_func_uname=yes
ac_cv_header_arpa_inet_h=yes
ac_cv_header_fcntl_h=yes
ac_cv_header_inttypes_h=yes
ac_cv_header_limits_h=yes
ac_cv_header_malloc_h=yes
ac_cv_header_netinet_in_h=yes
ac_cv_header_stdint_h=yes
ac_cv_header_stdio_h=yes
ac_cv_header_stdlib_h=yes
ac_cv_header_string_h=yes
ac_cv_header_strings_h=yes
ac_cv_header_sys_file_h=yes
ac_cv_header_sys_filio_h=no
ac_cv_header_sys_ioctl_h=yes
ac_cv_header_sys_sockio_h=no
ac_cv_header_sys_stat_h=yes
ac_cv_header_sys_time_h=yes
ac_cv_header_sys_types_h=yes
ac_cv_header_unistd_h=yes
ac_cv_host=x86_64-pc-linux-gnu
ac_cv_lib_dl_dlopen=yes
ac_cv_lib_nsl_main=yes
ac_cv_lib_posix4_main=no
ac_cv_lib_socket_socket=no
ac_cv_objext=o
ac_cv_path_CMP=/usr/bin/cmp
ac_cv_path_EGREP='/usr/bin/grep -E'
ac_cv_path_GREP=/usr/bin/grep
ac_cv_path_PERL=/usr/bin/perl
ac_cv_path_PRINTF=/usr/bin/printf
ac_cv_path_QPPP=/usr/bin/cpp
ac_cv_path_install='/usr/bin/install -c'
ac_cv_prog_ac_ct_CC=gcc
ac_cv_prog_ac_ct_CXX=g++
ac_cv_prog_ac_ct_RANLIB=ranlib
ac_cv_prog_cc_c11=
ac_cv_prog_cc_g=yes
ac_cv_prog_cc_stdc=
ac_cv_prog_cxx_11=no
ac_cv_prog_cxx_cxx11=
ac_cv_prog_cxx_g=yes
ac_cv_prog_cxx_stdcxx=
ac_cv_type_mode_t=yes
ac_cv_type_pid_t=yes
ac_cv_type_size_t=yes
ac_cv_working_alloca_h=yes
qp_cv_bits_per_word=64
qp_cv_bytes_per_word=8
qp_cv_gcc_labels=no
qp_cv_int_type=int
qp_cv_short_type=short

## ----------------- ##
## Output variables. ##
## ----------------- ##

ALLOCA=''
BITS_PER_WORD='64'
BYTES_PER_WORD='8'
CC='gcc'
CFLAGS='-g -O2'
CMP='/usr/bin/cmp'
CPPFLAGS=''
CXX='g++'
CXXFLAGS='-g -O2'
DEBUGGING=' -DNDEBUG '
DEFS='-DHAVE_CONFIG_H'
ECHO_C=''
ECHO_N='-n'
ECHO_T=''
EGREP='/usr/bin/grep -E'
EXEEXT=''
GCCINCLUDES=''
GCC_ALIAS_FLAG='-fno-strict-aliasing'
GREP='/usr/bin/grep'
INSTALL_DATA='${INSTALL} -m 644'
INSTALL_PROGRAM='${INSTALL}'
INSTALL_SCRIPT='${INSTALL}'
INT_TYPE='int'
LDFLAGS=''
LEX=':'
LEXLIB=''
LEX_OUTPUT_ROOT=''
LIBOBJS=''
LIBS='-lnsl -ldl '
LN_S='ln -s'
LTLIBOBJS=''
OBJEXT='o'
PACKAGE_BUGREPORT=''
PACKAGE_NAME=''
PACKAGE_STRING=''
PACKAGE_TARNAME=''
PACKAGE_URL=''
PACKAGE_VERSION=''
PATH_SEPARATOR=':'
PERL='/usr/bin/perl'
PRINTF='/usr/bin/printf'
QPHOME='/home/blinky/roboworkspace/src/PLANNING/teleor/qp10.10'
QPPP='/usr/bin/cpp'
QPPP_TRADITIONAL=''
RANLIB='ranlib'
SHELL='/bin/bash'
SHORT_TYPE='short'
XQP='/home/blinky/roboworkspace/src/PLANNING/teleor/qp10.10/src/xqp/xqp'
XQPDEBUG='/home/blinky/roboworkspace/src/PLANNING/teleor/qp10.10/src/xqpdebug/xqpdebug'
YACC='yacc'
YFLAGS=''
ac_ct_CC='gcc'
ac_ct_CXX='g++'
bindir='${exec_prefix}/bin'
build='x86_64-pc-linux-gnu'
build_alias=''
build_cpu='x86_64'
build_os='linux-gnu'
build_vendor='pc'
datadir='${datarootdir}'
datarootdir='${prefix}/share'
docdir='${datarootdir}/doc/${PACKAGE}'
dvidir='${docdir}'
exec_prefix='${prefix}'
host='x86_64-pc-linux-gnu'
host_alias=''
host_cpu='x86_64'
host_os='linux-gnu'
host_vendor='pc'
htmldir='${docdir}'
includedir='${prefix}/include'
infodir='${datarootdir}/info'
libdir='${exec_prefix}/lib'
libexecdir='${exec_prefix}/libexec'
localedir='${datarootdir}/locale'
localstatedir='${prefix}/var'
mandir='${datarootdir}/man'
oldincludedir='/usr/include'
pdfdir='${docdir}'
prefix='/usr/local'
program_transform_name='s,x,x,'
psdir='${docdir}'
runstatedir='${localstatedir}/run'
sbindir='${exec_prefix}/sbin'
sharedstatedir='${prefix}/com'
sysconfdir='${prefix}/etc'
target_alias=''

## ----------- ##
## confdefs.h. ##
## ----------- ##

/* confdefs.h */
#define PACKAGE_NAME ""
#define PACKAGE_TARNAME ""
#define PACKAGE_VERSION ""
#define PACKAGE_STRING ""
#define PACKAGE_BUGREPORT ""
#define PACKAGE_URL ""
#define MULTIPLE_THREADS 1
#define LINUX 1
#define HAVE_LIBDL 1
#define HAVE_LIBNSL 1
#define HAVE_STDIO_H 1
#define HAVE_STDLIB_H 1
#define HAVE_STRING_H 1
#define HAVE_INTTYPES_H 1
#define HAVE_STDINT_H 1
#define HAVE_STRINGS_H 1
#define HAVE_SYS_STAT_H 1
#define HAVE_SYS_TYPES_H 1
#define HAVE_UNISTD_H 1
#define STDC_HEADERS 1
#define HAVE_ARPA_INET_H 1
#define HAVE_FCNTL_H 1
#define HAVE_LIMITS_H 1
#define HAVE_MALLOC_H 1
#define HAVE_NETINET_IN_H 1
#define HAVE_SYS_FILE_H 1
#define HAVE_SYS_IOCTL_H 1
#define HAVE_SYS_TIME_H 1
#define HAVE_UNISTD_H 1
#define HAVE_SYS_TIME_H 1
#define HAVE_ALLOCA_H 1
#define HAVE_ALLOCA 1
#define HAVE_GETHOSTNAME 1
#define HAVE_GETHOSTBYNAME 1
#define HAVE_POLL 1
#define HAVE_PUTENV 1
#define HAVE_SELECT 1
#define HAVE_SIGWAIT 1
#define HAVE_SIGTIMEDWAIT 1
#define HAVE_SOCKET 1
#define HAVE_STRERROR 1
#define HAVE_STRSTR 1
#define HAVE_UNAME 1
#define SHORT_TYPE short
#define INT_TYPE int
#define BYTES_PER_WORD 8
#define BITS_PER_WORD 64
#define PCRE 1

configure: exit 0
